2015-02-03 11:50:34[INFO ] cooxm.devicecontrol.control.MainEntry.main(MainEntry.java:29): Starting from main entry...
2015-02-03 11:50:34[INFO ] cooxm.devicecontrol.control.Config.<init>(Config.java:31): Starting reading system config file : ./conf/control.conf...
2015-02-03 11:50:34[INFO ] cooxm.devicecontrol.control.Config.<init>(Config.java:57): System config finished. 
2015-02-03 11:50:34[INFO ] cooxm.devicecontrol.control.LogicControl.<init>(LogicControl.java:198): Starting logic control module ... 
2015-02-03 11:50:35[INFO ] cooxm.devicecontrol.socket.MsgSocketClient.<init>(MsgSocketClient.java:49): starting connect to  message server...
2015-02-03 11:50:35[INFO ] cooxm.devicecontrol.socket.MsgSocketClient.isReachable(MsgSocketClient.java:88): SUCCESS - connected to MsgServer! Local: 0.0.0.0 remote: 172.16.35.174 port:10790
2015-02-03 11:50:35[INFO ] cooxm.devicecontrol.control.LogicControl.<init>(LogicControl.java:228): Initialization of map successful :  profileMap,size=3;profileSetMap size=3; deviceMap, size=4; roomMap, size=2
2015-02-03 11:50:35[INFO ] cooxm.devicecontrol.control.LogicControl.<init>(LogicControl.java:233): Initialization of Logic control module finished. 
2015-02-03 11:50:35[INFO ] cooxm.devicecontrol.socket.CtrolSocketServer.<init>(CtrolSocketServer.java:58): starting device control socket server...
2015-02-03 11:50:35[ERROR] cooxm.devicecontrol.socket.CtrolSocketServer.<init>(CtrolSocketServer.java:73): java.net.BindException: Address already in use: JVM_Bind
2015-02-03 11:51:16[INFO ] cooxm.devicecontrol.control.MainEntry.main(MainEntry.java:29): Starting from main entry...
2015-02-03 11:51:16[INFO ] cooxm.devicecontrol.control.Config.<init>(Config.java:31): Starting reading system config file : ./conf/control.conf...
2015-02-03 11:51:16[INFO ] cooxm.devicecontrol.control.Config.<init>(Config.java:57): System config finished. 
2015-02-03 11:51:16[INFO ] cooxm.devicecontrol.control.LogicControl.<init>(LogicControl.java:198): Starting logic control module ... 
2015-02-03 11:51:17[INFO ] cooxm.devicecontrol.socket.MsgSocketClient.<init>(MsgSocketClient.java:49): starting connect to  message server...
2015-02-03 11:51:17[INFO ] cooxm.devicecontrol.socket.MsgSocketClient.isReachable(MsgSocketClient.java:88): SUCCESS - connected to MsgServer! Local: 0.0.0.0 remote: 172.16.35.174 port:10790
2015-02-03 11:51:17[INFO ] cooxm.devicecontrol.control.LogicControl.<init>(LogicControl.java:228): Initialization of map successful :  profileMap,size=3;profileSetMap size=3; deviceMap, size=4; roomMap, size=2
2015-02-03 11:51:17[INFO ] cooxm.devicecontrol.control.LogicControl.<init>(LogicControl.java:233): Initialization of Logic control module finished. 
2015-02-03 11:51:17[INFO ] cooxm.devicecontrol.socket.CtrolSocketServer.<init>(CtrolSocketServer.java:58): starting device control socket server...
2015-02-03 11:51:17[INFO ] cooxm.devicecontrol.socket.CtrolSocketServer.listen(CtrolSocketServer.java:118):  Listening at port:20190...
2015-02-03 11:55:36[INFO ] cooxm.devicecontrol.control.Config.<init>(Config.java:31): Starting reading system config file : ./conf/control.conf...
2015-02-03 11:55:36[INFO ] cooxm.devicecontrol.control.Config.<init>(Config.java:57): System config finished. 
2015-02-03 11:55:36[INFO ] cooxm.devicecontrol.control.LogicControl.<init>(LogicControl.java:198): Starting logic control module ... 
2015-02-03 11:55:37[INFO ] cooxm.devicecontrol.socket.MsgSocketClient.<init>(MsgSocketClient.java:49): starting connect to  message server...
2015-02-03 11:55:37[INFO ] cooxm.devicecontrol.socket.MsgSocketClient.isReachable(MsgSocketClient.java:88): SUCCESS - connected to MsgServer! Local: 0.0.0.0 remote: 172.16.35.174 port:10790
2015-02-03 11:55:37[INFO ] cooxm.devicecontrol.control.LogicControl.<init>(LogicControl.java:228): Initialization of map successful :  profileMap,size=3;profileSetMap size=3; deviceMap, size=4; roomMap, size=2
2015-02-03 11:55:37[INFO ] cooxm.devicecontrol.control.LogicControl.<init>(LogicControl.java:233): Initialization of Logic control module finished. 
2015-02-03 16:57:23[ERROR] cooxm.devicecontrol.util.MySqlClass.select(MySqlClass.java:53): com.mysql.jdbc.exceptions.jdbc4.MySQLSyntaxErrorException: Unknown column 'regularid' in 'field list'
com.mysql.jdbc.exceptions.jdbc4.MySQLSyntaxErrorException: Unknown column 'regularid' in 'field list'
	at sun.reflect.NativeConstructorAccessorImpl.newInstance0(Native Method)
	at sun.reflect.NativeConstructorAccessorImpl.newInstance(Unknown Source)
	at sun.reflect.DelegatingConstructorAccessorImpl.newInstance(Unknown Source)
	at java.lang.reflect.Constructor.newInstance(Unknown Source)
	at com.mysql.jdbc.Util.handleNewInstance(Util.java:411)
	at com.mysql.jdbc.Util.getInstance(Util.java:386)
	at com.mysql.jdbc.SQLError.createSQLException(SQLError.java:1054)
	at com.mysql.jdbc.MysqlIO.checkErrorPacket(MysqlIO.java:4190)
	at com.mysql.jdbc.MysqlIO.checkErrorPacket(MysqlIO.java:4122)
	at com.mysql.jdbc.MysqlIO.sendCommand(MysqlIO.java:2570)
	at com.mysql.jdbc.MysqlIO.sqlQueryDirect(MysqlIO.java:2731)
	at com.mysql.jdbc.ConnectionImpl.execSQL(ConnectionImpl.java:2812)
	at com.mysql.jdbc.ConnectionImpl.execSQL(ConnectionImpl.java:2761)
	at com.mysql.jdbc.StatementImpl.executeQuery(StatementImpl.java:1612)
	at cooxm.devicecontrol.util.MySqlClass.select(MySqlClass.java:37)
	at cooxm.devicecontrol.device.TriggerMap.getTriggerMapFromDB(TriggerMap.java:72)
	at cooxm.devicecontrol.device.TriggerMap.<init>(TriggerMap.java:33)
	at cooxm.devicecontrol.device.TriggerMap.main(TriggerMap.java:235)
