[2014-12-19 11:44:18][INFO ] util.LogUtil.main(LogUtil.java:45): info 2
[2014-12-19 11:44:18][WARN ] util.LogUtil.main(LogUtil.java:46): warn 3
[2014-12-19 11:44:18][ERROR] util.LogUtil.main(LogUtil.java:47): error 4
[2014-12-19 11:44:18][FATAL] util.LogUtil.main(LogUtil.java:48): fatal 2
2014-12-19 12:50:37[INFO ] device.Room.getRoomHeadFromDB(Room.java:181): query:select   ctr_id        ,roomid        ,roomtype      ,description  ,date_format(createtime,'%Y-%m-%d %H:%i:%S'),date_format(modifytime,'%Y-%m-%d %H:%i:%S')  from info_user_room where ctr_id=12345677 and roomid=201;
2014-12-19 12:50:37[ERROR] device.Room.getRoomHeadFromDB(Room.java:182): query:select   ctr_id        ,roomid        ,roomtype      ,description  ,date_format(createtime,'%Y-%m-%d %H:%i:%S'),date_format(modifytime,'%Y-%m-%d %H:%i:%S')  from info_user_room where ctr_id=12345677 and roomid=201;
2014-12-19 12:55:09[INFO ] device.Room.getRoomHeadFromDB(Room.java:181): query:select   ctr_id        ,roomid        ,roomtype      ,description  ,date_format(createtime,'%Y-%m-%d %H:%i:%S'),date_format(modifytime,'%Y-%m-%d %H:%i:%S')  from info_user_room where ctr_id=12345677 and roomid=201;
2014-12-19 12:55:09[ERROR] device.Room.getRoomHeadFromDB(Room.java:182): query:select   ctr_id        ,roomid        ,roomtype      ,description  ,date_format(createtime,'%Y-%m-%d %H:%i:%S'),date_format(modifytime,'%Y-%m-%d %H:%i:%S')  from info_user_room where ctr_id=12345677 and roomid=201;
2014-12-19 12:57:49[INFO ] device.Room.getRoomHeadFromDB(Room.java:180): query:select   ctr_id        ,roomid        ,roomtype      ,description  ,date_format(createtime,'%Y-%m-%d %H:%i:%S'),date_format(modifytime,'%Y-%m-%d %H:%i:%S')  from info_user_room where ctr_id=12345677 and roomid=201;
2014-12-19 14:30:42[INFO ] util.LogUtil.main(LogUtil.java:39): info 2
2014-12-19 14:30:42[WARN ] util.LogUtil.main(LogUtil.java:40): warn 3
2014-12-19 14:30:42[ERROR] util.LogUtil.main(LogUtil.java:41): error 4
2014-12-19 14:30:42[FATAL] util.LogUtil.main(LogUtil.java:42): fatal 2
2014-12-19 14:32:25[INFO ] util.LogUtil.main(LogUtil.java:39): info 2
2014-12-19 14:32:25[WARN ] util.LogUtil.main(LogUtil.java:40): warn 3
2014-12-19 14:32:25[ERROR] util.LogUtil.main(LogUtil.java:41): error 4
2014-12-19 14:32:25[FATAL] util.LogUtil.main(LogUtil.java:42): fatal 2
2014-12-19 14:37:25[INFO ] device.Room.getRoomHeadFromDB(Room.java:174): query:select   ctr_id        ,roomid        ,roomtype      ,description  ,date_format(createtime,'%Y-%m-%d %H:%i:%S'),date_format(modifytime,'%Y-%m-%d %H:%i:%S')  from info_user_room where ctr_id=12345677 and roomid=201;
2014-12-19 14:38:22[INFO ] device.Room.getRoomHeadFromDB(Room.java:173): query:select   ctr_id        ,roomid        ,roomtype      ,description  ,date_format(createtime,'%Y-%m-%d %H:%i:%S'),date_format(modifytime,'%Y-%m-%d %H:%i:%S')  from info_user_room where ctr_id=12345677 and roomid=201;
2014-12-19 14:39:49[INFO ] device.Room.getRoomHeadFromDB(Room.java:171): query:select   ctr_id        ,roomid        ,roomtype      ,description  ,date_format(createtime,'%Y-%m-%d %H:%i:%S'),date_format(modifytime,'%Y-%m-%d %H:%i:%S')  from info_user_room where ctr_id=12345677 and roomid=201;
2014-12-19 14:39:49[INFO ] device.Room.getRoomHeadFromDB(Room.java:173): get from mysql:
12345677,201,2,Œ‘ “1,2014-12-15 16:17:18,2014-12-15 16:17:19

2014-12-19 14:39:50[INFO ] device.Room.saveRoomIndexToDB(Room.java:139): insert into info_user_room (ctr_id       , roomid       ,roomtype        ,description        ,createtime   ,modifytime   )values (12345677,202,2,'Œ‘ “1','2014-12-15 16:17:18','2014-12-15 16:17:19');
2014-12-19 14:45:17[INFO ] device.Room.getRoomHeadFromDB(Room.java:171): query:select   ctr_id        ,roomid        ,roomtype      ,description  ,date_format(createtime,'%Y-%m-%d %H:%i:%S'),date_format(modifytime,'%Y-%m-%d %H:%i:%S')  from info_user_room where ctr_id=12345677 and roomid=201;
2014-12-19 14:45:17[INFO ] device.Room.getRoomHeadFromDB(Room.java:173): get from mysql:
12345677,201,2,Œ‘ “1,2014-12-15 16:17:18,2014-12-15 16:17:19

2014-12-19 14:45:17[INFO ] device.Room.saveRoomIndexToDB(Room.java:139): insert into info_user_room (ctr_id       , roomid       ,roomtype        ,description        ,createtime   ,modifytime   )values (12345677,202,2,'Œ‘ “1','2014-12-15 16:17:18','2014-12-15 16:17:19');
2014-12-19 14:45:17[ERROR] util.MySqlClass.query(MySqlClass.java:69): Duplicate entry '12345677-202' for key 'PRIMARY'
com.mysql.jdbc.exceptions.jdbc4.MySQLIntegrityConstraintViolationException: Duplicate entry '12345677-202' for key 'PRIMARY'
	at sun.reflect.NativeConstructorAccessorImpl.newInstance0(Native Method)
	at sun.reflect.NativeConstructorAccessorImpl.newInstance(Unknown Source)
	at sun.reflect.DelegatingConstructorAccessorImpl.newInstance(Unknown Source)
	at java.lang.reflect.Constructor.newInstance(Unknown Source)
	at com.mysql.jdbc.Util.handleNewInstance(Util.java:411)
	at com.mysql.jdbc.Util.getInstance(Util.java:386)
	at com.mysql.jdbc.SQLError.createSQLException(SQLError.java:1041)
	at com.mysql.jdbc.MysqlIO.checkErrorPacket(MysqlIO.java:4190)
	at com.mysql.jdbc.MysqlIO.checkErrorPacket(MysqlIO.java:4122)
	at com.mysql.jdbc.MysqlIO.sendCommand(MysqlIO.java:2570)
	at com.mysql.jdbc.MysqlIO.sqlQueryDirect(MysqlIO.java:2731)
	at com.mysql.jdbc.ConnectionImpl.execSQL(ConnectionImpl.java:2812)
	at com.mysql.jdbc.StatementImpl.executeUpdate(StatementImpl.java:1811)
	at com.mysql.jdbc.StatementImpl.executeUpdate(StatementImpl.java:1725)
	at util.MySqlClass.query(MySqlClass.java:64)
	at device.Room.saveRoomIndexToDB(Room.java:140)
	at device.Room.main(Room.java:207)
2014-12-19 14:47:17[INFO ] device.Room.getRoomHeadFromDB(Room.java:171): query:select   ctr_id        ,roomid        ,roomtype      ,description  ,date_format(createtime,'%Y-%m-%d %H:%i:%S'),date_format(modifytime,'%Y-%m-%d %H:%i:%S')  from info_user_room where ctr_id=12345677 and roomid=201;
2014-12-19 14:47:17[INFO ] device.Room.getRoomHeadFromDB(Room.java:173): get from mysql:
12345677,201,2,Œ‘ “1,2014-12-15 16:17:18,2014-12-15 16:17:19

2014-12-19 14:47:17[INFO ] device.Room.saveRoomIndexToDB(Room.java:139): insert into info_user_room (ctr_id       , roomid       ,roomtype        ,description        ,createtime   ,modifytime   )values (12345677,202,2,'Œ‘ “1','2014-12-15 16:17:18','2014-12-15 16:17:19');
2014-12-19 14:47:17[ERROR] util.MySqlClass.query(MySqlClass.java:70): com.mysql.jdbc.exceptions.jdbc4.MySQLIntegrityConstraintViolationException: Duplicate entry '12345677-202' for key 'PRIMARY'
com.mysql.jdbc.exceptions.jdbc4.MySQLIntegrityConstraintViolationException: Duplicate entry '12345677-202' for key 'PRIMARY'
	at sun.reflect.NativeConstructorAccessorImpl.newInstance0(Native Method)
	at sun.reflect.NativeConstructorAccessorImpl.newInstance(Unknown Source)
	at sun.reflect.DelegatingConstructorAccessorImpl.newInstance(Unknown Source)
	at java.lang.reflect.Constructor.newInstance(Unknown Source)
	at com.mysql.jdbc.Util.handleNewInstance(Util.java:411)
	at com.mysql.jdbc.Util.getInstance(Util.java:386)
	at com.mysql.jdbc.SQLError.createSQLException(SQLError.java:1041)
	at com.mysql.jdbc.MysqlIO.checkErrorPacket(MysqlIO.java:4190)
	at com.mysql.jdbc.MysqlIO.checkErrorPacket(MysqlIO.java:4122)
	at com.mysql.jdbc.MysqlIO.sendCommand(MysqlIO.java:2570)
	at com.mysql.jdbc.MysqlIO.sqlQueryDirect(MysqlIO.java:2731)
	at com.mysql.jdbc.ConnectionImpl.execSQL(ConnectionImpl.java:2812)
	at com.mysql.jdbc.StatementImpl.executeUpdate(StatementImpl.java:1811)
	at com.mysql.jdbc.StatementImpl.executeUpdate(StatementImpl.java:1725)
	at util.MySqlClass.query(MySqlClass.java:64)
	at device.Room.saveRoomIndexToDB(Room.java:140)
	at device.Room.main(Room.java:207)
